{"/home/ritoth/Git/pub-menu/src/App.jsx": {"path":"/home/ritoth/Git/pub-menu/src/App.jsx","statementMap":{"0":{"start":{"line":3,"column":12},"end":{"line":7,"column":1}},"1":{"start":{"line":4,"column":2},"end":{"line":6,"column":7}}},"fnMap":{"0":{"name":"(anonymous_0)","decl":{"start":{"line":3,"column":12},"end":{"line":3,"column":13}},"loc":{"start":{"line":4,"column":2},"end":{"line":6,"column":7}},"line":4}},"branchMap":{},"s":{"0":0,"1":0},"f":{"0":0},"b":{}}
,"/home/ritoth/Git/pub-menu/src/foo.js": {"path":"/home/ritoth/Git/pub-menu/src/foo.js","statementMap":{"0":{"start":{"line":2,"column":2},"end":{"line":2,"column":16}}},"fnMap":{"0":{"name":"foo","decl":{"start":{"line":1,"column":24},"end":{"line":1,"column":27}},"loc":{"start":{"line":1,"column":31},"end":{"line":3,"column":1}},"line":1}},"branchMap":{},"s":{"0":0},"f":{"0":0},"b":{}}
,"/home/ritoth/Git/pub-menu/src/index.jsx": {"path":"/home/ritoth/Git/pub-menu/src/index.jsx","statementMap":{"0":{"start":{"line":6,"column":0},"end":{"line":6,"column":58}},"1":{"start":{"line":9,"column":0},"end":{"line":9,"column":20}}},"fnMap":{},"branchMap":{},"s":{"0":0,"1":0},"f":{},"b":{}}
}
